<?xml version="1.0" encoding="UTF-8"?>
<testng-results ignored="0" total="2" passed="2" failed="0" skipped="0">
  <reporter-output>
  </reporter-output>
  <suite started-at="2025-07-21T19:00:43 IST" name="Suite" finished-at="2025-07-21T19:00:56 IST" duration-ms="12766">
    <groups>
      <group name="Master">
        <method signature="TC001_AccountRegistrationTest.TS001_TC_RF_001()[pri:0, instance:testCases.TC001_AccountRegistrationTest@32f232a5]" name="TS001_TC_RF_001" class="testCases.TC001_AccountRegistrationTest"/>
        <method signature="TC002_LoginTest.TS002_TC_LF_001()[pri:0, instance:testCases.TC002_LoginTest@517566b]" name="TS002_TC_LF_001" class="testCases.TC002_LoginTest"/>
      </group> <!-- Master -->
      <group name="Sanity">
        <method signature="TC002_LoginTest.TS002_TC_LF_001()[pri:0, instance:testCases.TC002_LoginTest@517566b]" name="TS002_TC_LF_001" class="testCases.TC002_LoginTest"/>
      </group> <!-- Sanity -->
      <group name="Regression">
        <method signature="TC001_AccountRegistrationTest.TS001_TC_RF_001()[pri:0, instance:testCases.TC001_AccountRegistrationTest@32f232a5]" name="TS001_TC_RF_001" class="testCases.TC001_AccountRegistrationTest"/>
      </group> <!-- Regression -->
    </groups>
    <test started-at="2025-07-21T19:00:43 IST" name="Test" finished-at="2025-07-21T19:00:56 IST" duration-ms="12766">
      <class name="testCases.TC002_LoginTest">
        <test-method is-config="true" signature="setUp(java.lang.String,java.lang.String)[pri:0, instance:testCases.TC002_LoginTest@517566b]" started-at="2025-07-21T19:00:50 IST" name="setUp" finished-at="2025-07-21T19:00:54 IST" duration-ms="3395" status="PASS">
          <params>
            <param index="0">
              <value>
                <![CDATA[Windows]]>
              </value>
            </param>
            <param index="1">
              <value>
                <![CDATA[chrome]]>
              </value>
            </param>
          </params>
          <reporter-output>
          </reporter-output>
        </test-method> <!-- setUp -->
        <test-method signature="TS002_TC_LF_001()[pri:0, instance:testCases.TC002_LoginTest@517566b]" started-at="2025-07-21T19:00:54 IST" name="TS002_TC_LF_001" finished-at="2025-07-21T19:00:56 IST" duration-ms="2203" status="PASS">
          <reporter-output>
          </reporter-output>
        </test-method> <!-- TS002_TC_LF_001 -->
        <test-method is-config="true" signature="tearDwon()[pri:0, instance:testCases.TC002_LoginTest@517566b]" started-at="2025-07-21T19:00:56 IST" name="tearDwon" finished-at="2025-07-21T19:00:56 IST" duration-ms="128" status="PASS">
          <reporter-output>
          </reporter-output>
        </test-method> <!-- tearDwon -->
      </class> <!-- testCases.TC002_LoginTest -->
      <class name="testCases.TC001_AccountRegistrationTest">
        <test-method is-config="true" signature="setUp(java.lang.String,java.lang.String)[pri:0, instance:testCases.TC001_AccountRegistrationTest@32f232a5]" started-at="2025-07-21T19:00:44 IST" name="setUp" finished-at="2025-07-21T19:00:48 IST" duration-ms="4252" status="PASS">
          <params>
            <param index="0">
              <value>
                <![CDATA[Windows]]>
              </value>
            </param>
            <param index="1">
              <value>
                <![CDATA[chrome]]>
              </value>
            </param>
          </params>
          <reporter-output>
          </reporter-output>
        </test-method> <!-- setUp -->
        <test-method signature="TS001_TC_RF_001()[pri:0, instance:testCases.TC001_AccountRegistrationTest@32f232a5]" started-at="2025-07-21T19:00:48 IST" name="TS001_TC_RF_001" finished-at="2025-07-21T19:00:50 IST" duration-ms="2456" status="PASS">
          <reporter-output>
          </reporter-output>
        </test-method> <!-- TS001_TC_RF_001 -->
        <test-method is-config="true" signature="tearDwon()[pri:0, instance:testCases.TC001_AccountRegistrationTest@32f232a5]" started-at="2025-07-21T19:00:50 IST" name="tearDwon" finished-at="2025-07-21T19:00:50 IST" duration-ms="141" status="PASS">
          <reporter-output>
          </reporter-output>
        </test-method> <!-- tearDwon -->
      </class> <!-- testCases.TC001_AccountRegistrationTest -->
    </test> <!-- Test -->
  </suite> <!-- Suite -->
</testng-results>
