<?xml version="1.0" encoding="UTF-8"?>
<testng-results ignored="0" total="1" passed="1" failed="0" skipped="0">
  <reporter-output>
  </reporter-output>
  <suite started-at="2025-07-21T18:21:31 IST" name="Failed suite [Suite]" finished-at="2025-07-21T18:21:40 IST" duration-ms="8303">
    <groups>
      <group name="Master">
        <method signature="TC001_AccountRegistrationTest.TS001_TC_RF_001()[pri:0, instance:testCases.TC001_AccountRegistrationTest@7f69d591]" name="TS001_TC_RF_001" class="testCases.TC001_AccountRegistrationTest"/>
      </group> <!-- Master -->
      <group name="Regression">
        <method signature="TC001_AccountRegistrationTest.TS001_TC_RF_001()[pri:0, instance:testCases.TC001_AccountRegistrationTest@7f69d591]" name="TS001_TC_RF_001" class="testCases.TC001_AccountRegistrationTest"/>
      </group> <!-- Regression -->
    </groups>
    <test started-at="2025-07-21T18:21:31 IST" name="Test(failed)" finished-at="2025-07-21T18:21:40 IST" duration-ms="8303">
      <class name="testCases.TC001_AccountRegistrationTest">
        <test-method is-config="true" signature="setUp(java.lang.String,java.lang.String)[pri:0, instance:testCases.TC001_AccountRegistrationTest@7f69d591]" started-at="2025-07-21T18:21:32 IST" name="setUp" finished-at="2025-07-21T18:21:37 IST" duration-ms="5306" status="PASS">
          <params>
            <param index="0">
              <value>
                <![CDATA[Windows]]>
              </value>
            </param>
            <param index="1">
              <value>
                <![CDATA[chrome]]>
              </value>
            </param>
          </params>
          <reporter-output>
          </reporter-output>
        </test-method> <!-- setUp -->
        <test-method signature="TS001_TC_RF_001()[pri:0, instance:testCases.TC001_AccountRegistrationTest@7f69d591]" started-at="2025-07-21T18:21:37 IST" name="TS001_TC_RF_001" finished-at="2025-07-21T18:21:40 IST" duration-ms="2588" status="PASS">
          <reporter-output>
          </reporter-output>
        </test-method> <!-- TS001_TC_RF_001 -->
        <test-method is-config="true" signature="tearDwon()[pri:0, instance:testCases.TC001_AccountRegistrationTest@7f69d591]" started-at="2025-07-21T18:21:40 IST" name="tearDwon" finished-at="2025-07-21T18:21:40 IST" duration-ms="193" status="PASS">
          <reporter-output>
          </reporter-output>
        </test-method> <!-- tearDwon -->
      </class> <!-- testCases.TC001_AccountRegistrationTest -->
    </test> <!-- Test(failed) -->
  </suite> <!-- Failed suite [Suite] -->
</testng-results>
